#
# There is insufficient memory for the Java Runtime Environment to continue.
# Native memory allocation (mmap) failed to map 268435456 bytes for G1 virtual space
# Possible reasons:
#   The system is out of physical RAM or swap space
#   The process is running with CompressedOops enabled, and the Java Heap may be blocking the growth of the native heap
# Possible solutions:
#   Reduce memory load on the system
#   Increase physical memory or swap space
#   Check if swap backing store is full
#   Decrease Java heap size (-Xmx/-Xms)
#   Decrease number of Java threads
#   Decrease Java thread stack sizes (-Xss)
#   Set larger code cache with -XX:ReservedCodeCacheSize=
#   JVM is running with Zero Based Compressed Oops mode in which the Java heap is
#     placed in the first 32GB address space. The Java Heap base address is the
#     maximum limit for the native heap growth. Please use -XX:HeapBaseMinAddress
#     to set the Java Heap base and to place the Java Heap above 32GB virtual address.
# This output file may be truncated or incomplete.
#
#  Out of Memory Error (os_windows.cpp:3527), pid=4008, tid=12772
#
# JRE version:  (19.0+36) (build )
# Java VM: Java HotSpot(TM) 64-Bit Server VM (19+36-2238, mixed mode, sharing, tiered, compressed oops, compressed class ptrs, g1 gc, windows-amd64)
# No core dump will be written. Minidumps are not enabled by default on client versions of Windows
#

---------------  S U M M A R Y ------------

Command Line: 

Host: Intel(R) Core(TM) i7-7700HQ CPU @ 2.80GHz, 8 cores, 15G,  Windows 10 , 64 bit Build 19041 (10.0.19041.2913)
Time: Sat Jun 10 12:09:17 2023 Hora de verano romance elapsed time: 0.027493 seconds (0d 0h 0m 0s)

---------------  T H R E A D  ---------------

Current thread (0x00000181545e8a10):  JavaThread "Unknown thread" [_thread_in_vm, id=12772, stack(0x0000000cc7500000,0x0000000cc7600000)]

Stack: [0x0000000cc7500000,0x0000000cc7600000]
Native frames: (J=compiled Java code, j=interpreted, Vv=VM code, C=native code)
V  [jvm.dll+0x6ee8fa]
V  [jvm.dll+0x857a1e]
V  [jvm.dll+0x85940e]
V  [jvm.dll+0x859ac3]
V  [jvm.dll+0x28291f]
V  [jvm.dll+0x6eb6e9]
V  [jvm.dll+0x6e028a]
V  [jvm.dll+0x357136]
V  [jvm.dll+0x35eb96]
V  [jvm.dll+0x3b555e]
V  [jvm.dll+0x3b578f]
V  [jvm.dll+0x32c6ea]
V  [jvm.dll+0x32d59e]
V  [jvm.dll+0x821b20]
V  [jvm.dll+0x3c27c1]
V  [jvm.dll+0x8022f1]
V  [jvm.dll+0x44b30f]
V  [jvm.dll+0x44cc91]
C  [jli.dll+0x5287]
C  [ucrtbase.dll+0x21bb2]
C  [KERNEL32.DLL+0x17614]
C  [ntdll.dll+0x526a1]


---------------  P R O C E S S  ---------------

Threads class SMR info:
_java_thread_list=0x00007ff91c5cd048, length=0, elements={
}

Java Threads: ( => current thread )

Other Threads:
  0x0000018154656c30 WorkerThread "GC Thread#0" [stack: 0x0000000cc7600000,0x0000000cc7700000] [id=18084]
  0x00000181546688f0 ConcurrentGCThread "G1 Main Marker" [stack: 0x0000000cc7700000,0x0000000cc7800000] [id=20032]
  0x0000018154669520 WorkerThread "G1 Conc#0" [stack: 0x0000000cc7800000,0x0000000cc7900000] [id=20104]

[error occurred during error reporting (printing all threads), id 0xc0000005, EXCEPTION_ACCESS_VIOLATION (0xc0000005) at pc=0x00007ff91bd8d127]

VM state: not at safepoint (not fully initialized)

VM Mutex/Monitor currently owned by a thread:  ([mutex/lock_event])
[0x00000181545e5e30] Heap_lock - owner thread: 0x00000181545e8a10

Heap address: 0x0000000701c00000, size: 4068 MB, Compressed Oops mode: Zero based, Oop shift amount: 3

CDS archive(s) mapped at: [0x0000000000000000-0x0000000000000000-0x0000000000000000), size 0, SharedBaseAddress: 0x0000000800000000, ArchiveRelocationMode: 0.
Narrow klass base: 0x0000000000000000, Narrow klass shift: 0, Narrow klass range: 0x0

GC Precious Log:
 CardTable entry size: 512
 Card Set container configuration: InlinePtr #cards 4 size 8 Array Of Cards #cards 8 size 32 Howl #buckets 8 coarsen threshold 3686 Howl Bitmap #cards 512 size 80 coarsen threshold 460 Card regions per heap region 1 cards per card region 4096

Heap:
 garbage-first heap   total 0K, used 0K [0x0000000701c00000, 0x0000000800000000)
  region size 2048K, 0 young (0K), 0 survivors (0K)

[error occurred during error reporting (printing heap information), id 0xc0000005, EXCEPTION_ACCESS_VIOLATION (0xc0000005) at pc=0x00007ff91c196959]

GC Heap History (0 events):
No events

Dll operation events (1 events):
Event: 0.014 Loaded shared library C:\Program Files\Java\jdk-19\bin\java.dll

Deoptimization events (0 events):
No events

Classes loaded (0 events):
No events

Classes unloaded (0 events):
No events

Classes redefined (0 events):
No events

Internal exceptions (0 events):
No events

VM Operations (0 events):
No events

Events (0 events):
No events


Dynamic libraries:
0x00007ff69b8b0000 - 0x00007ff69b8c0000 	C:\Program Files\Java\jdk-19\bin\java.exe
0x00007ff9c4e10000 - 0x00007ff9c5008000 	C:\Windows\SYSTEM32\ntdll.dll
0x00007ff9c47c0000 - 0x00007ff9c487f000 	C:\Windows\System32\KERNEL32.DLL
0x00007ff9c2ac0000 - 0x00007ff9c2db6000 	C:\Windows\System32\KERNELBASE.dll
0x0000000073470000 - 0x00000000737a1000 	C:\Program Files\Norton Security\NortonData\22.22.2.10\Definitions\IPSDefs\20230609.061\IPSEng64.dll
0x00007ff9c4880000 - 0x00007ff9c492f000 	C:\Windows\System32\ADVAPI32.dll
0x00007ff9c4000000 - 0x00007ff9c409e000 	C:\Windows\System32\msvcrt.dll
0x00007ff9c2ef0000 - 0x00007ff9c2f8c000 	C:\Windows\System32\sechost.dll
0x00007ff9c32d0000 - 0x00007ff9c33f6000 	C:\Windows\System32\RPCRT4.dll
0x00007ff9c3040000 - 0x00007ff9c3048000 	C:\Windows\System32\PSAPI.DLL
0x00007ff9c25b0000 - 0x00007ff9c26b0000 	C:\Windows\System32\ucrtbase.dll
0x00007ff98b560000 - 0x00007ff98b57b000 	C:\Program Files\Java\jdk-19\bin\VCRUNTIME140.dll
0x00007ff98b540000 - 0x00007ff98b558000 	C:\Program Files\Java\jdk-19\bin\jli.dll
0x00007ff9c41c0000 - 0x00007ff9c435d000 	C:\Windows\System32\USER32.dll
0x00007ff9c28b0000 - 0x00007ff9c28d2000 	C:\Windows\System32\win32u.dll
0x00007ff9ac040000 - 0x00007ff9ac2da000 	C:\Windows\WinSxS\amd64_microsoft.windows.common-controls_6595b64144ccf1df_6.0.19041.1110_none_60b5254171f9507e\COMCTL32.dll
0x00007ff9c3190000 - 0x00007ff9c31bc000 	C:\Windows\System32\GDI32.dll
0x00007ff9c2930000 - 0x00007ff9c2a45000 	C:\Windows\System32\gdi32full.dll
0x00007ff9c2810000 - 0x00007ff9c28ad000 	C:\Windows\System32\msvcp_win.dll
0x00007ff9ba100000 - 0x00007ff9ba10a000 	C:\Windows\SYSTEM32\VERSION.dll
0x00007ff9c3400000 - 0x00007ff9c3430000 	C:\Windows\System32\IMM32.DLL
0x00007ff9a46a0000 - 0x00007ff9a46ac000 	C:\Program Files\Java\jdk-19\bin\vcruntime140_1.dll
0x00007ff944ff0000 - 0x00007ff94507e000 	C:\Program Files\Java\jdk-19\bin\msvcp140.dll
0x00007ff91ba50000 - 0x00007ff91c710000 	C:\Program Files\Java\jdk-19\bin\server\jvm.dll
0x00007ff9acd70000 - 0x00007ff9acd97000 	C:\Windows\SYSTEM32\WINMM.dll
0x00007ff9a4570000 - 0x00007ff9a4579000 	C:\Windows\SYSTEM32\WSOCK32.dll
0x00007ff9c4730000 - 0x00007ff9c479b000 	C:\Windows\System32\WS2_32.dll
0x00007ff9c03b0000 - 0x00007ff9c03c2000 	C:\Windows\SYSTEM32\kernel.appcore.dll
0x00007ff9a3a00000 - 0x00007ff9a3a0a000 	C:\Program Files\Java\jdk-19\bin\jimage.dll
0x00007ff9ac430000 - 0x00007ff9ac614000 	C:\Windows\SYSTEM32\DBGHELP.DLL
0x00007ff9a8d10000 - 0x00007ff9a8d44000 	C:\Windows\SYSTEM32\dbgcore.DLL
0x00007ff9c24f0000 - 0x00007ff9c2572000 	C:\Windows\System32\bcryptPrimitives.dll
0x00007ff9850b0000 - 0x00007ff9850d6000 	C:\Program Files\Java\jdk-19\bin\java.dll

dbghelp: loaded successfully - version: 4.0.5 - missing functions: none
symbol engine: initialized successfully - sym options: 0x614 - pdb path: .;C:\Program Files\Java\jdk-19\bin;C:\Windows\SYSTEM32;C:\Program Files\Norton Security\NortonData\22.22.2.10\Definitions\IPSDefs\20230609.061;C:\Windows\WinSxS\amd64_microsoft.windows.common-controls_6595b64144ccf1df_6.0.19041.1110_none_60b5254171f9507e;C:\Program Files\Java\jdk-19\bin\server

VM Arguments:
java_command: <unknown>
java_class_path (initial): <not set>
Launcher Type: SUN_STANDARD

[Global flags]
     intx CICompilerCount                          = 4                                         {product} {ergonomic}
     uint ConcGCThreads                            = 2                                         {product} {ergonomic}
     uint G1ConcRefinementThreads                  = 8                                         {product} {ergonomic}
   size_t G1HeapRegionSize                         = 2097152                                   {product} {ergonomic}
    uintx GCDrainStackTargetSize                   = 64                                        {product} {ergonomic}
   size_t InitialHeapSize                          = 268435456                                 {product} {ergonomic}
   size_t MarkStackSize                            = 4194304                                   {product} {ergonomic}
   size_t MaxHeapSize                              = 4265607168                                {product} {ergonomic}
   size_t MinHeapDeltaBytes                        = 2097152                                   {product} {ergonomic}
   size_t MinHeapSize                              = 8388608                                   {product} {ergonomic}
    uintx NonNMethodCodeHeapSize                   = 5839372                                {pd product} {ergonomic}
    uintx NonProfiledCodeHeapSize                  = 122909434                              {pd product} {ergonomic}
    uintx ProfiledCodeHeapSize                     = 122909434                              {pd product} {ergonomic}
    uintx ReservedCodeCacheSize                    = 251658240                              {pd product} {ergonomic}
     bool SegmentedCodeCache                       = true                                      {product} {ergonomic}
   size_t SoftMaxHeapSize                          = 4265607168                             {manageable} {ergonomic}
     bool UseCompressedClassPointers               = true                           {product lp64_product} {ergonomic}
     bool UseCompressedOops                        = true                           {product lp64_product} {ergonomic}
     bool UseG1GC                                  = true                                      {product} {ergonomic}
     bool UseLargePagesIndividualAllocation        = false                                  {pd product} {ergonomic}

Logging:
Log output configuration:
 #0: stdout all=warning uptime,level,tags foldmultilines=false
 #1: stderr all=off uptime,level,tags foldmultilines=false

Environment Variables:
PATH=C:\Program Files\Common Files\Oracle\Java\javapath;C:\Windows\system32;C:\Windows;C:\Windows\System32\Wbem;C:\Windows\System32\WindowsPowerShell\v1.0\;C:\Windows\System32\OpenSSH\;C:\Program Files\Microsoft VS Code\bin;C:\Program Files (x86)\NVIDIA Corporation\PhysX\Common;C:\Program Files\NVIDIA Corporation\NVIDIA NvDLISR;C:\Program Files\Microsoft SQL Server\Client SDK\ODBC\170\Tools\Binn\;C:\Program Files (x86)\Microsoft SQL Server\150\Tools\Binn\;C:\Program Files\Microsoft SQL Server\150\Tools\Binn\;C:\Program Files\Microsoft SQL Server\150\DTS\Binn\;C:\Program Files (x86)\Microsoft SQL Server\150\DTS\Binn\;C:\Program Files\AutoFirma\AutoFirma;C:\Program Files\Microsoft SQL Server\Client SDK\ODBC\130\Tools\Binn\;C:\Program Files (x86)\Microsoft SQL Server\140\Tools\Binn\;C:\Program Files\Microsoft SQL Server\140\Tools\Binn\;C:\Program Files\Microsoft SQL Server\140\DTS\Binn\;C:\Program Files (x86)\Microsoft SQL Server\160\DTS\Binn\;C:\Program Files\Azure Data Studio\bin;C:\Program Files\dotnet\;C:\Program Files\Git\cmd;C:\Users\Javier\AppData\Local\Microsoft\WindowsApps;C:\Program Files\Azure Data Studio\bin;C:\Program Files (x86)\Brackets\;C:\Users\Javier\AppData\Local\GitHubDesktop\bin;C:\Program Files\Azure Data Studio\bin;C:\Users\Javier\.dotnet\tools
USERNAME=Javier
OS=Windows_NT
PROCESSOR_IDENTIFIER=Intel64 Family 6 Model 158 Stepping 9, GenuineIntel
TMP=C:\Users\Javier\AppData\Local\Temp
TEMP=C:\Users\Javier\AppData\Local\Temp



---------------  S Y S T E M  ---------------

OS:
 Windows 10 , 64 bit Build 19041 (10.0.19041.2913)
OS uptime: 30 days 3:06 hours

CPU: total 8 (initial active 8) (4 cores per cpu, 2 threads per core) family 6 model 158 stepping 9 microcode 0xb4, cx8, cmov, fxsr, ht, mmx, 3dnowpref, sse, sse2, sse3, ssse3, sse4.1, sse4.2, popcnt, lzcnt, tsc, tscinvbit, avx, avx2, aes, erms, clmul, bmi1, bmi2, adx, fma, vzeroupper, clflush, clflushopt, rdtscp

Memory: 4k page, system-wide physical 16268M (1818M free)
TotalPageFile size 18306M (AvailPageFile size 146M)
current process WorkingSet (physical memory assigned to process): 11M, peak: 11M
current process commit charge ("private bytes"): 61M, peak: 317M

vm_info: Java HotSpot(TM) 64-Bit Server VM (19+36-2238) for windows-amd64 JRE (19+36-2238), built on 2022-08-12T20:29:01Z by "mach5one" with MS VC++ 17.1 (VS2022)

END.
